<?xml version="1.0" encoding="UTF-8"?>
<!-- Generated by org.testng.reporters.JUnitReportReporter -->
<testsuite hostname="Marce" failures="0" tests="6" name="es.ull.passengers.PassengerTest" time="0.133" errors="0" timestamp="2024-12-03T12:53:57 WET" skipped="0">
  <testcase classname="es.ull.passengers.PassengerTest" name="testInvalidCountryCode" time="0.025"/>
  <testcase classname="es.ull.passengers.PassengerTest" name="testGetters" time="0.070"/>
  <testcase classname="es.ull.passengers.PassengerTest" name="testLeavePreviousFlight" time="0.009"/>
  <testcase classname="es.ull.passengers.PassengerTest" name="testJoinFlight" time="0.011"/>
  <testcase classname="es.ull.passengers.PassengerTest" name="testToString" time="0.002"/>
  <testcase classname="es.ull.passengers.PassengerTest" name="testJoinFlightFails" time="0.016"/>
</testsuite> <!-- es.ull.passengers.PassengerTest -->
