<?xml version="1.0" encoding="UTF-8"?>
<!-- Generated by org.testng.reporters.JUnitReportReporter -->
<testsuite hostname="Marce" failures="0" tests="6" name="es.ull.passengers.PassengerTest" time="0.110" errors="0" timestamp="2024-12-03T13:02:32 WET" skipped="0">
  <testcase classname="es.ull.passengers.PassengerTest" name="testJoinFlightFails" time="0.007"/>
  <testcase classname="es.ull.passengers.PassengerTest" name="testLeavePreviousFlight" time="0.004"/>
  <testcase classname="es.ull.passengers.PassengerTest" name="testToString" time="0.001"/>
  <testcase classname="es.ull.passengers.PassengerTest" name="testInvalidCountryCode" time="0.013"/>
  <testcase classname="es.ull.passengers.PassengerTest" name="testJoinFlight" time="0.006"/>
  <testcase classname="es.ull.passengers.PassengerTest" name="testGetters" time="0.079"/>
</testsuite> <!-- es.ull.passengers.PassengerTest -->
