<?xml version="1.0" encoding="UTF-8"?>
<!-- Generated by org.testng.reporters.JUnitReportReporter -->
<testsuite hostname="Marce" failures="0" tests="6" name="es.ull.passengers.PassengerTest" time="0.075" errors="0" timestamp="2024-12-03T00:31:39 WET" skipped="0">
  <testcase classname="es.ull.passengers.PassengerTest" name="testToString" time="0.001"/>
  <testcase classname="es.ull.passengers.PassengerTest" name="testLeavePreviousFlight" time="0.003"/>
  <testcase classname="es.ull.passengers.PassengerTest" name="testGetters" time="0.051"/>
  <testcase classname="es.ull.passengers.PassengerTest" name="testInvalidCountryCode" time="0.006"/>
  <testcase classname="es.ull.passengers.PassengerTest" name="testJoinFlight" time="0.004"/>
  <testcase classname="es.ull.passengers.PassengerTest" name="testJoinFlightFails" time="0.010"/>
</testsuite> <!-- es.ull.passengers.PassengerTest -->
