<?xml version="1.0" encoding="UTF-8"?>
<!-- Generated by org.testng.reporters.JUnitReportReporter -->
<testsuite hostname="Marce" failures="0" tests="6" name="es.ull.passengers.PassengerTest" time="0.044" errors="0" timestamp="2024-12-03T01:11:52 WET" skipped="0">
  <testcase classname="es.ull.passengers.PassengerTest" name="testGetters" time="0.032"/>
  <testcase classname="es.ull.passengers.PassengerTest" name="testJoinFlight" time="0.002"/>
  <testcase classname="es.ull.passengers.PassengerTest" name="testJoinFlightFails" time="0.002"/>
  <testcase classname="es.ull.passengers.PassengerTest" name="testLeavePreviousFlight" time="0.002"/>
  <testcase classname="es.ull.passengers.PassengerTest" name="testToString" time="0.001"/>
  <testcase classname="es.ull.passengers.PassengerTest" name="testInvalidCountryCode" time="0.005"/>
</testsuite> <!-- es.ull.passengers.PassengerTest -->
